0 info it worked if it ends with ok
1 verbose cli [
1 verbose cli   'C:\\Program Files\\nodejs\\node.exe',
1 verbose cli   'C:\\Users\\ok\\AppData\\Roaming\\npm\\node_modules\\npm\\bin\\npm-cli.js',
1 verbose cli   'view',
1 verbose cli   '--json',
1 verbose cli   'prettier',
1 verbose cli   'description',
1 verbose cli   'dist-tags.latest',
1 verbose cli   'homepage',
1 verbose cli   'version'
1 verbose cli ]
2 info using npm@3.10.10
3 info using node@v16.15.1
4 silly mapToRegistry name prettier
5 silly mapToRegistry using default registry
6 silly mapToRegistry registry https://registry.npmjs.org/
7 silly mapToRegistry data Result {
7 silly mapToRegistry   raw: 'prettier',
7 silly mapToRegistry   scope: null,
7 silly mapToRegistry   escapedName: 'prettier',
7 silly mapToRegistry   name: 'prettier',
7 silly mapToRegistry   rawSpec: '',
7 silly mapToRegistry   spec: 'latest',
7 silly mapToRegistry   type: 'tag'
7 silly mapToRegistry }
8 silly mapToRegistry uri https://registry.npmjs.org/prettier
9 verbose request uri https://registry.npmjs.org/prettier
10 verbose request no auth needed
11 info attempt registry request try #1 at 00:56:17
12 verbose request id 51a86bc88d15d544
13 http request GET https://registry.npmjs.org/prettier
14 info retry will retry, error on last attempt: Error: getaddrinfo ENOTFOUND registry.npmjs.org
15 info attempt registry request try #2 at 00:56:27
16 http request GET https://registry.npmjs.org/prettier
17 info retry will retry, error on last attempt: Error: getaddrinfo ENOTFOUND registry.npmjs.org
18 info attempt registry request try #3 at 00:57:27
19 http request GET https://registry.npmjs.org/prettier
20 verbose stack Error: getaddrinfo ENOTFOUND registry.npmjs.org
20 verbose stack     at GetAddrInfoReqWrap.onlookup [as oncomplete] (node:dns:71:26)
21 verbose cwd c:\Users\ok\OneDrive\Documents\Web\Portofolio_EkoHaryadi.github.io-main\src
22 error Windows_NT 10.0.22000
23 error argv "C:\\Program Files\\nodejs\\node.exe" "C:\\Users\\ok\\AppData\\Roaming\\npm\\node_modules\\npm\\bin\\npm-cli.js" "view" "--json" "prettier" "description" "dist-tags.latest" "homepage" "version"
24 error node v16.15.1
25 error npm  v3.10.10
26 error code ENOTFOUND
27 error errno -3008
28 error syscall getaddrinfo
29 error network getaddrinfo ENOTFOUND registry.npmjs.org
30 error network This is most likely not a problem with npm itself
30 error network and is related to network connectivity.
30 error network In most cases you are behind a proxy or have bad network settings.
30 error network
30 error network If you are behind a proxy, please make sure that the
30 error network 'proxy' config is set properly.  See: 'npm help config'
31 verbose exit [ -3008, true ]
